nohup: ignoring input
=== FULL MODE: entire dataset | stage=generate ===
2026-04-16 15:03:58.063474: I tensorflow/core/util/port.cc:153] oneDNN custom operations are on. You may see slightly different numerical results due to floating-point round-off errors from different computation orders. To turn them off, set the environment variable `TF_ENABLE_ONEDNN_OPTS=0`.
2026-04-16 15:03:58.115335: I tensorflow/core/platform/cpu_feature_guard.cc:210] This TensorFlow binary is optimized to use available CPU instructions in performance-critical operations.
To enable the following instructions: AVX2 AVX512F AVX512_VNNI AVX512_BF16 AVX512_FP16 AVX_VNNI AMX_TILE AMX_INT8 AMX_BF16 FMA, in other operations, rebuild TensorFlow with the appropriate compiler flags.
2026-04-16 15:03:59.642958: I tensorflow/core/util/port.cc:153] oneDNN custom operations are on. You may see slightly different numerical results due to floating-point round-off errors from different computation orders. To turn them off, set the environment variable `TF_ENABLE_ONEDNN_OPTS=0`.
/storage/ssd1/richtsai1103/miniconda3/envs/new_audio/lib/python3.9/site-packages/huggingface_hub/file_download.py:949: FutureWarning: `resume_download` is deprecated and will be removed in version 1.0.0. Downloads always resume when possible. If you want to force a new download, use `force_download=True`.
  warnings.warn(
Loading base facebook/musicgen-small ...
/storage/ssd1/richtsai1103/miniconda3/envs/new_audio/lib/python3.9/site-packages/torch/nn/utils/weight_norm.py:30: UserWarning: torch.nn.utils.weight_norm is deprecated in favor of torch.nn.utils.parametrizations.weight_norm.
  warnings.warn("torch.nn.utils.weight_norm is deprecated in favor of torch.nn.utils.parametrizations.weight_norm.")
Loading fine-tune checkpoint: /storage/ssd3/richtsai1103/Jamendo/SASS/20260405_164546_v3/xps/309be0b1/checkpoint.th
  using best_state/model
Loaded LM. missing=0, unexpected=0
Loaded 400 samples
[1/400] -0xzrMun0Rs: This song contains digital drums playing a simple groove along with two guitars....
   inference=18.29s  RTF=0.610
[2/400] -Dtir74TiUM: This is a drum & bass music piece. There is a constantly repeating hollering sam...
   inference=17.30s  RTF=0.577
[3/400] -JVWfFPBl84: This audio clip features the sound produced at a particular frequency by a Tibet...
   inference=17.45s  RTF=0.582
[4/400] -XkbErI_7EU: This slow jazz song features male voices singing the main melody in harmony. Thi...
   inference=24.42s  RTF=0.814
[5/400] -o0ZtQIkM60: This is a video game theme. There is a cinematic string sound playing the melody...
   inference=26.49s  RTF=0.883
[6/400] -w12aSkQ9No: A female vocalist sings this soprano solo. The tempo is slow with a classic orch...
   inference=25.17s  RTF=0.839
[7/400] -w8maIWtnUk: This is an instrumental jam recording of a gear showcase. There is an electric g...
   inference=26.11s  RTF=0.870
[8/400] 0-7PyzhzuYQ: This is a bluegrass music piece. There is a mandolin playing the main tune as th...
   inference=26.85s  RTF=0.895
[9/400] 04NjXsLyCl4: A loud cymbal sound is opening the space for a digital drum playing a simple gro...
   inference=20.10s  RTF=0.670
[10/400] 05OJDYeHLMc: This audio contains very strong deep percussive hits and a e-guitar sound also s...
   inference=19.71s  RTF=0.657
[11/400] 0ISHZQJdeSw: A male vocalist sings this Rap. The tempo is slow with enthusiastic drumming, sy...
   inference=17.64s  RTF=0.588
[12/400] 0KCVgexi4yU: This song contains a female voice singing along to a digital drum playing a four...
   inference=18.01s  RTF=0.600
[13/400] 0LLlcPiatiU: The song is mostly instrumental with a faint male vocal. The song is medium temp...
   inference=17.51s  RTF=0.584
[14/400] 0hfU27A6tus: This is the performance of an Irish folk song using a banjo and a mandolin. The ...
   inference=17.38s  RTF=0.579
[15/400] 0jFQ21A6GRA: This is a Christian gospel music piece. There is a male vocalist singing melodic...
   inference=17.47s  RTF=0.582
[16/400] 0m9-5BkL4Mc: The music features a timid boy voice singing a melody. Right in the opening of t...
   inference=17.74s  RTF=0.591
[17/400] 0nk7utNkHOY: This music is a western classical instrumental. The tempo is slow with a cello s...
   inference=17.44s  RTF=0.581
[18/400] 0wYi8B9PXDY: This is a video game theme being hummed by a male vocal. It is in the low-to-med...
   inference=17.50s  RTF=0.583
[19/400] 15CZ2h5VL-A: This amateur recording features a shaker being played continuously. A cajon is p...
   inference=17.55s  RTF=0.585
[20/400] 1FnT0RrfMEA: This music is a mellow, dulcet instrumental. The tempo is slow with a beautiful ...
   inference=17.50s  RTF=0.583
[21/400] 298Q_pSLflU: This song contains a lot of different synthesizer sounds. One is playing a lead ...
   inference=18.12s  RTF=0.604
[22/400] 2RMOegT2Jn8: hip hop music featuring a young male rapper over a minimalist beat with only per...
   inference=17.58s  RTF=0.586
[23/400] 3XeMR8lX0dg: A cappella choir is singing a melody with a deep male bass voice. Midrange femal...
   inference=17.64s  RTF=0.588
[24/400] 3u9OO9Og0Gc: This is a live performance of an R&B music piece. There is a female vocalist sin...
   inference=17.44s  RTF=0.581
[25/400] 44sbWBFswUY: Spirited Christmas music with a fast four on the floor dance beat. There is a hi...
   inference=18.14s  RTF=0.605
[26/400] 4M0njWKFsME: Here we have a powerful rock ballad instrumental in a minor key. The guitar is g...
   inference=17.63s  RTF=0.588
[27/400] 4i1aizhCnfg: A male vocalist sings this mellow pop. The tempo is slow in contrast to the enth...
   inference=17.43s  RTF=0.581
[28/400] 4ls_8xIjBzM: This music is instrumental. The tempo is medium with an electric guitar riff and...
   inference=17.58s  RTF=0.586
[29/400] 5FlNBuS7YgM: This is an Italian folk music piece. It is a live performance recording. There i...
   inference=17.61s  RTF=0.587
[30/400] 5gyMt0YzPQ0: This is a broken beat music piece with jazz funk influences. There is a repeatin...
   inference=17.67s  RTF=0.589
[31/400] 5rjQU4vOIlw: Here we have a live recording of a musician playing the harmonica in a bluesy st...
   inference=17.55s  RTF=0.585
[32/400] 6OVb3rjcB3Q: This clip features an electric guitar played through a distortion effects pedal....
   inference=17.27s  RTF=0.576
[33/400] 6QHfXuVLhe0: This pop song starts off with the backing singers singing vocables in harmony. T...
   inference=17.46s  RTF=0.582
[34/400] 6iyinlZEgS4: This audio clip features a tom roll followed by a descending slide on the bass. ...
   inference=17.46s  RTF=0.582
[35/400] 6sWVG6GyJBU: This song contains a piano playing a melody in the mid range and also in the hig...
   inference=17.59s  RTF=0.586
[36/400] 6uIOGE36tWo: This audio contains someone playing a melody on a guitar in the midrange while s...
   inference=17.88s  RTF=0.596
[37/400] 7FHzw4HV75Y: The Regional Mexican song features a soft piano melody, rhythm acoustic guitar, ...
   inference=18.15s  RTF=0.605
[38/400] 7JMN4DdhwsM: This music is instrumental. The tempo is slow with a ukelele melody. The musicia...
   inference=17.72s  RTF=0.591
[39/400] 7ZXz3Xa7APs: This is a tongue-in-cheek version of a reggae song edited to make it sound like ...
   inference=17.61s  RTF=0.587
[40/400] 8BJljuSm2Aw: This song is a ballad which features a male voice singing the main melody. This ...
   inference=17.48s  RTF=0.583
[41/400] 8Nrp4jUZeGE: This is an electronic dance music piece. It opens with loud fuzzy synth bass and...
   inference=17.62s  RTF=0.587
[42/400] 9EUXyEQZqLo: Two acoustic guitars are strumming flamenco chords being panned to the left and ...
   inference=17.63s  RTF=0.588
[43/400] 9PMoI31ncIs: This is a house music piece. There is a synth with a crisp sound playing the mel...
   inference=17.69s  RTF=0.590
[44/400] 9TkW1M_ZRr0: This is a breakbeat piece. There is a groovy electronic drum beat providing the ...
   inference=17.23s  RTF=0.574
[45/400] 9WzzYYWpeyA: Here we have a quartet of clarinet players playing a classical piece. One of the...
   inference=17.85s  RTF=0.595
[46/400] 9iYxf1hS4Yk: This piece has no melody. Only percussion instruments can be heard in the backgr...
   inference=17.78s  RTF=0.593
[47/400] AHmcuClSTL4: This song contains an acoustic drum playing a simple rock groove with an e-bass ...
   inference=17.30s  RTF=0.577
[48/400] AHrUfa2H_5s: A male voice is singing in the mid-range with a lot of vibrato on some notes alo...
   inference=17.53s  RTF=0.584
[49/400] AcX6rAwFTiY: This song contains a female voice singing a melody along with a flute and string...
   inference=17.50s  RTF=0.583
[50/400] AjjQqd0eLzw: Someone is playing an instrument sounding like a bowl/pad/whale singing in a met...
   inference=17.40s  RTF=0.580
[51/400] AmAThmRphk0: The Jazz song features a passionate solo acoustic guitar melody and acoustic rhy...
   inference=17.38s  RTF=0.579
[52/400] B5XTBvnpwqU: We hear a vintage middle eastern traditional song. The instrument is an old flut...
   inference=17.78s  RTF=0.593
[53/400] ByOqw8M2U-Q: A female vocalist sings this melodious harmony. The tempo is slow with a dulcet ...
   inference=17.56s  RTF=0.585
[54/400] CD3OyaDW348: A jazz organ trio playing a swing blues song with a male singer accompanied by e...
   inference=17.50s  RTF=0.583
[55/400] CrjSYvGWusQ: This raaga music features a male singer. This is accompanied by twinkling sounds...
   inference=17.19s  RTF=0.573
[56/400] Cy3HWnwMLyI: This music is an intense instrumental. The tempo is medium with an incessant dro...
   inference=17.35s  RTF=0.578
[57/400] D-p9s8y2z_U: This music is instrumental . The tempo is fast with mandolins playing a lively, ...
   inference=17.31s  RTF=0.577
[58/400] DQzg3cZeYSw: This is an amateur recording of a little girl performing on a turntable. The gir...
   inference=17.39s  RTF=0.580
[59/400] DZ3EShJzOOc: Synthesizes are playing dreamy pads with a lot of reverb. This song may be playi...
   inference=17.53s  RTF=0.584
[60/400] DysXetu2I0E: An acoustic drum is playing a hiphop/funk groove along with a bassline. One e-gu...
   inference=17.41s  RTF=0.580
[61/400] EwDiNj_5PEg: This Indian instrumental song features the main melody being played on a bowed i...
   inference=17.53s  RTF=0.584
[62/400] FCvs17jk10A: This is a drum cover of a hard rock/alternative metal music piece. There is a ma...
   inference=17.63s  RTF=0.588
[63/400] FDYIdBZUl2Y: A synthbass is playing a soft line along with a piano playing a melody while a n...
   inference=17.63s  RTF=0.588
[64/400] Fa1c4qfBqzE: This is the recording of a DJ performance. In the rhythmic background, the elect...
   inference=17.69s  RTF=0.590
[65/400] FcwWl5JBnoU: The Classical song features a mixed harmonizing choir singing over organ melody,...
   inference=17.82s  RTF=0.594
[66/400] GwxSvUoYSZg: This recording is full of atmospheric sounds that are modulated rising and falli...
   inference=17.68s  RTF=0.589
[67/400] HHZGjS4g-w4: This folk song features a female voice singing the main melody. This is accompan...
   inference=17.36s  RTF=0.579
[68/400] HWZdPxRzCWs: This audio recording features a crickets sound effect, sea waves sound effect an...
   inference=17.57s  RTF=0.586
[69/400] HpkPTa1fQDE: This is the recording of a flute lesson. There is a male voice speaking in an in...
   inference=18.13s  RTF=0.604
[70/400] JrOV2Xz2djA: A male vocalist sings this  energetic rock song. The song is  fast tempo with em...
   inference=17.61s  RTF=0.587
[71/400] KHjEIheD-Cg: The song is an instrumental. The song is in medium tempo with a classical guitar...
   inference=18.43s  RTF=0.614
[72/400] KOb-tRHYK68: This techno song features a synth lead playing the main melody. This is accompan...
   inference=19.48s  RTF=0.649
[73/400] KeSbjmMeyrY: This song contains an acoustic piano playing a melody in the higher register pla...
   inference=19.22s  RTF=0.641
[74/400] KjJj5-HvSvQ: This is a box opening video. There is a male voice speaking and kids shouting. A...
   inference=19.42s  RTF=0.647
[75/400] Kojo5khAAS0: The song is an instrumental. The tempo is medium, with a dj creating vinyl scrat...
   inference=19.98s  RTF=0.666
[76/400] L3d4ajg0bhk: This is a shofar being played. Two notes are being played. The first note is sho...
   inference=20.17s  RTF=0.672
[77/400] LAHWV6fZwUk: This is an indie rock/pop rock music piece. There is a male vocalist singing mel...
   inference=19.81s  RTF=0.660
[78/400] LCzldLY3E4g: This is an opening theme for a TV series. It is an instrumental piece. The main ...
   inference=19.82s  RTF=0.661
[79/400] LH3mAtCou6g: This is an amateur music video of a male musician playing a mellow harmony on th...
   inference=19.71s  RTF=0.657
[80/400] LK6zk03lPlM: This is a jingle piece in the background of a tech comparison video. There are v...
   inference=19.86s  RTF=0.662
[81/400] L_KkjB0Wt_Q: A female singer sings this chanting vocals with backup singers in vocal harmony....
   inference=19.65s  RTF=0.655
[82/400] M2iOUwFHv9Q: A male vocalist sings this aggressive song. The tempo is medium fast with electr...
   inference=19.69s  RTF=0.656
[83/400] M4rXhyyvERM: This is the recording of a jazz improvisation performance. It is in an instrumen...
   inference=19.78s  RTF=0.659
[84/400] M5sptjrboqA: This is an amateur DJ set performance with a turntable scratched over an electro...
   inference=19.86s  RTF=0.662
[85/400] Mir959i7F2M: Someone is playing a e-guitar solo over another e-guitar providing jazz chords a...
   inference=19.70s  RTF=0.657
[86/400] NQXQsVawPhU: This is an excerpt from a music show. There is a female voice narrating an event...
   inference=19.72s  RTF=0.657
[87/400] NSyqj1DXZKg: This clip is a meditative and calming track. The leading instrument is a flute, ...
   inference=20.07s  RTF=0.669
[88/400] NzVg-cFQJbE: This is a punk rock song with an energetic, youthful feel that is still grungy a...
   inference=19.69s  RTF=0.656
[89/400] OH2SQhJqZDg: This music is an energetic Rock and Roll instrumental. The tempo is fast with an...
   inference=19.62s  RTF=0.654
[90/400] OKquGBKOgME: The Funk song features a flat male vocal singing over widely spread, funky elect...
   inference=19.56s  RTF=0.652
[91/400] OSlotCnSFow: The rock song features a fruity male vocal with occasional echoing effects, sing...
   inference=19.55s  RTF=0.652
[92/400] OiAJB9uydS8: This music is instrumental. The tempo is medium with a piano harmony with the vo...
   inference=20.19s  RTF=0.673
[93/400] OyRtTtTSXuM: This song starts with a descending phrase played on a synth. This is followed by...
   inference=19.69s  RTF=0.656
[94/400] PB3i02Cjf1k: Someone is strumming chords on an e-guitar. The e-guitar is slightly out of tune...
   inference=19.73s  RTF=0.658
[95/400] Pq1jBX0RW2k: This recording contains synth pads playing in the mid range, with added notes in...
   inference=19.38s  RTF=0.646
[96/400] Q9gWfok9Q5c: This recording contains a short musical melody but can not be labeled a song. Th...
   inference=19.59s  RTF=0.653
[97/400] QdoTdG_VNV4: The song is an instrumental. The tempo is medium with the glass harp being playe...
   inference=20.02s  RTF=0.667
[98/400] QyMcSnNsAPw: This song features an electric organ playing different tones. There is no melody...
   inference=19.69s  RTF=0.656
[99/400] REpuZwvyThM: This bluegrass song features a solo played on a mandolin. This is accompanied by...
   inference=19.68s  RTF=0.656
[100/400] RM0RELBtdfc: This music is instrumental. The tempo is fast with a synthesiser arrangement. Th...
   inference=19.67s  RTF=0.656
[101/400] S2yXmXUJ5xU: This is a flamenco music piece. The only instrument being played is an acoustic ...
   inference=19.57s  RTF=0.652
[102/400] S7rP6coeLTY: A male vocalist sings this  energetic song. The tempo  is fast with synthesiser ...
   inference=19.72s  RTF=0.657
[103/400] SMjYheNdAzg: This is a kids music piece in the style of hip-hop. There is a female vocalist s...
   inference=19.71s  RTF=0.657
[104/400] TTytcT_1dmY: This is the live recording of a pop music piece. The track is being performed wi...
   inference=19.58s  RTF=0.653
[105/400] Th6Tf6kA8RU: The cinematic music features a violin solo with a light accompaniment by a strin...
   inference=19.72s  RTF=0.657
[106/400] TkclVqlyKx4: This is a live performance featuring bagpipes and a marching percussion section....
   inference=19.93s  RTF=0.664
[107/400] TnCXmm-v3Ys: The excerpt features bells in different pitches being played/hit by what sounds ...
   inference=19.76s  RTF=0.659
[108/400] TnJE6W6Z6mM: A female singer sings this operatic melody. The song is medium tempo with a stri...
   inference=20.16s  RTF=0.672
[109/400] UJA5AWbt6HM: The Regional Mexican song features a passionate male vocal singing over guiro pe...
   inference=19.64s  RTF=0.655
[110/400] VHYxygh1STA: A male vocalist sings this jazz  style melody. The tempo is fast with syncopated...
   inference=19.98s  RTF=0.666
[111/400] VMzn9GytUTk: This pop song features a male voice singing the main melody. This is accompanied...
   inference=19.68s  RTF=0.656
[112/400] VSf3_XpiPkQ: This is an indie folk music piece. There is a melancholic melody being played by...
   inference=19.75s  RTF=0.658
[113/400] Vfcfj4OIJXE: This is an instrumental hip-hop music piece. It is meant to be used as a rap bea...
   inference=19.61s  RTF=0.654
[114/400] VkXLtUx-RmI: This audio contains crickets chirping. Then someone starts playing a digital acc...
   inference=20.10s  RTF=0.670
[115/400] XDBxMQrRaFY: This song is an instrumental. It is slow tempo with only an Electric guitar harm...
   inference=19.63s  RTF=0.654
[116/400] XXBVsNt2Qr8: A female singer sings this passionate melody. The song is medium tempo with stea...
   inference=20.34s  RTF=0.678
[117/400] XmMN-6g1L8w: This is a live performance of a classical music piece. There is an orchestra per...
   inference=19.73s  RTF=0.658
[118/400] YKQMolFL2Rs: The song has a bluesy funk feel to it. The singer has a raspy and burly vocal an...
   inference=19.98s  RTF=0.666
[119/400] YbLR6dgY-K4: This music clip is of a musician playing a lilting melody on the Banjo. The temp...
   inference=19.82s  RTF=0.661
[120/400] YuiQRYaF9SA: Someone is playing a melody on acoustic guitar and then continues strumming chor...
   inference=19.94s  RTF=0.665
[121/400] YwUa3OS92ZQ: You can hear birds chirping along with pig-sounds. Then a full orchestra with st...
   inference=19.87s  RTF=0.662
[122/400] Z_0Ta-m_-hU: This music is an intense instrumental.The tempo is fast with vigorous violin har...
   inference=20.30s  RTF=0.677
[123/400] ZahBai58_Ec: This is a latin folk piece performed at a home setting. There is a male vocalist...
   inference=20.23s  RTF=0.674
[124/400] Zq92ED3IvLQ: This song contains acoustic drums playing a simple hip hop groove along with a e...
   inference=20.11s  RTF=0.670
[125/400] Zz1Bz1a7yPE: The music features a group of female voices singing a melody in unison. The inst...
   inference=19.86s  RTF=0.662
[126/400] _DHMdtRRJzE: This audio contains someone playing a complex drum groove with fill-ins on cymba...
   inference=20.07s  RTF=0.669
[127/400] _HXMIdSiOMA: The music excerpt features a kind of vinyl scratch solo. At one point a male voi...
   inference=20.48s  RTF=0.683
[128/400] _KGUrOb1qgU: This is the recording of a gear showcase jam. There is an overdriven electric gu...
   inference=20.05s  RTF=0.668
[129/400] _nrz_BawPMY: A female vocalist sings this delicate harmony. The tempo is slow with an organ a...
   inference=19.70s  RTF=0.657
[130/400] ac_8oRMgDz0: This meditation song features male voices chanting in deep, low voices. This is ...
   inference=19.73s  RTF=0.658
[131/400] ad6gQQ_0evk: A banjo is playing a solo along to an upright-bass laying a simple monotone bass...
   inference=19.79s  RTF=0.660
[132/400] bZuXMxR2S4U: This song consists of three main elements - there is an angelic female humming v...
   inference=19.71s  RTF=0.657
[133/400] bl-eQ8XD5CY: This song is an instrumental. The tempo of the background music is slow , with e...
   inference=20.06s  RTF=0.669
[134/400] blsYgo-B1k8: A male vocalist sings the Lord’s Prayer. The tempo is medium with Keyboard harmo...
   inference=19.76s  RTF=0.659
[135/400] brEMnFXsTqo: This is an electronic music piece with characteristics of the German industrial ...
   inference=19.80s  RTF=0.660
[136/400] c_a74UO2ftg: This is a four on the floor style of production. The song is a drum and bass typ...
   inference=19.69s  RTF=0.656
[137/400] cbq6Q2htPRM: The music contains an energetic female voice which is sharp and clear. It is bet...
   inference=19.82s  RTF=0.661
[138/400] cnvmLwFZr28: This is a Korean indie rock piece. There is a male vocalist in the lead singing ...
   inference=19.89s  RTF=0.663
[139/400] cp8t27oT_ww: The song is an instrumental. The tempo is medium with a guitar accompaniment and...
   inference=19.73s  RTF=0.658
[140/400] dPCj4WhTZ3c: E-guitars are fingerpicking two different melodies in an arpeggio fashion while ...
   inference=19.85s  RTF=0.662
[141/400] dTVkk4GSmNA: A male voice is singing loud and soulfully. A saxophone is playing a slight vari...
   inference=19.69s  RTF=0.656
[142/400] diSfkEkTVkE: The song is an instrumental. The tempo is medium with a DJ creating cool rhythmi...
   inference=19.73s  RTF=0.658
[143/400] dsU3B0W3TMs: The music features a glockenspiel playing a melody that starts off with a few no...
   inference=19.77s  RTF=0.659
[144/400] duMRKOb4E2w: This audio contains a lot of people playing a complex snare roll groove in synch...
   inference=19.74s  RTF=0.658
[145/400] dztizAgcQ08: This is a live performance of an art song piece. There is a male vocalist singin...
   inference=19.74s  RTF=0.658
[146/400] e57SBRbMXbI: This piece of audio contains a modern pop song with drums, effects panned to lef...
   inference=19.80s  RTF=0.660
[147/400] eWGGj4duzIo: This is an acoustic live performance of an alternative music piece. There is a f...
   inference=19.55s  RTF=0.652
[148/400] eZrrzGgTpfk: This audio seems to contain two songs. In the beginning someone is strumming cho...
   inference=19.79s  RTF=0.660
[149/400] em7akjDUsWk: Someone is strumming an acoustic guitar while a male voice is singing along. Thi...
   inference=19.85s  RTF=0.662
[150/400] fAfk9yrGhWw: This instrumental song features a guitar playing a lick. This is a joyful melody...
   inference=19.69s  RTF=0.656
[151/400] fJ6ZeWYfLjA: This comedy song features a male voice singing the main melody followed by anoth...
   inference=19.77s  RTF=0.659
[152/400] fPYxUa1ZVAY: This is an instrumental flute music piece. The flute is playing a gentle melody ...
   inference=20.03s  RTF=0.668
[153/400] feC0L9MtghM: Solo sitar using microtonality, droning and string bending. The music is hypnoti...
   inference=19.76s  RTF=0.659
[154/400] fpdgtpBOh-c: This slow pop ballad features two cellos playing in harmony. One cello plays the...
   inference=19.78s  RTF=0.659
[155/400] g0AXzsecS5M: The vocalist raps in a way that is more like a spoken story. The song is upbeat ...
   inference=19.77s  RTF=0.659
[156/400] gVMoI2ukbtc: This is an R&B/pop music piece. There is a female vocalist singing melodically i...
   inference=19.75s  RTF=0.658
[157/400] gW33LYEvoaw: solo harmonic playing a single high note and bending it down a half step. This i...
   inference=20.02s  RTF=0.667
[158/400] ggBivmG6yHQ: This is the live recording of a dance performance that uses a pop music piece as...
   inference=20.31s  RTF=0.677
[159/400] hLn4HokDEmM: Audio from two songs of EDM music featuring four on the floor kick pattern, synt...
   inference=20.14s  RTF=0.671
[160/400] iBH5X5SKirU: This jazz song features a guitar solo. This is accompanied by percussion playing...
   inference=19.78s  RTF=0.659
[161/400] ihCl2ImrOYE: This music is instrumental. The tempo is slow with the resounding vibrations of ...
   inference=19.88s  RTF=0.663
[162/400] ihJT65fZaHY: This is a gear review jam video. There is a male voice describing the tone that ...
   inference=19.94s  RTF=0.665
[163/400] jUJNETNCxh0: This song is a percussion instrumental. The tempo is fast with intense and rapid...
   inference=19.69s  RTF=0.656
[164/400] jhQpTVVUQ9E: The instrumental contains digital drums repeating a simple groove that is mostly...
   inference=19.59s  RTF=0.653
[165/400] kMNL4Y4XMhc: This is a classical music piece performed by an orchestra. There is a wide rangi...
   inference=19.82s  RTF=0.661
[166/400] kYrJadZmjm0: This is a house song, meant for dancing. The synths are played rapidly for the b...
   inference=19.73s  RTF=0.658
[167/400] kka6zUtE3h8: This is a pop soul/modern r&b piece that is sung by a mellow male vocal in mediu...
   inference=19.80s  RTF=0.660
[168/400] m9tnNkon_iw: This clip is a sound of scratching or scraping using binaural sound. The effect ...
   inference=19.73s  RTF=0.658
[169/400] mLaon9oK1OA: This is a latin pop song with a chipmunk effect. There is a female and a male vo...
   inference=19.77s  RTF=0.659
[170/400] n3QsFeGadEE: This song features synth sounds. There is no particular melody. There is no perc...
   inference=19.92s  RTF=0.664
[171/400] negr4U79PUE: This music is a grim instrumental. The tempo is slow with a sombre electric guit...
   inference=19.67s  RTF=0.656
[172/400] nt2rvdC75uY: This instrumental pop song features the main melody played on bells. This is acc...
   inference=19.76s  RTF=0.659
[173/400] oJ0rdNlghn4: The rock music features a bass guitar playing a repeating melody with a distorti...
   inference=19.69s  RTF=0.656
[174/400] oT6ud0OdR_E: The excerpt is actually a song collage and it features third songs. In the first...
   inference=19.95s  RTF=0.665
[175/400] ojwVhlh-P1U: Here we have several standing crystal bells being played. They produce a sustain...
   inference=19.60s  RTF=0.653
[176/400] p_o6NQX7lmE: This song contains whales singing and then a piano starts playing a composition ...
   inference=20.39s  RTF=0.680
[177/400] ppAT0f2YCyM: This song is a duet sung in a two part harmony in a foreign language. The tempo ...
   inference=19.70s  RTF=0.657
[178/400] q-sJu8CoZts: A male vocalist sings this high energy Country Song. The tempo is fast with anim...
   inference=19.70s  RTF=0.657
[179/400] q9DzO_I4dXg: This is an electronic music piece performed by a DJ. There is a heavy use of the...
   inference=19.72s  RTF=0.657
[180/400] qfwTbBprDVU: This is a dancehall/reggae music piece. There is a female vocalist singing in a ...
   inference=19.73s  RTF=0.658
[181/400] qxWVr67g6yY: This is the live performance of a pop music piece. It is an amateur recording. T...
   inference=19.72s  RTF=0.657
[182/400] rG_6MS6_K6g: A male voice is rapping in a higher pitch and with reverb and delay on his voice...
   inference=19.78s  RTF=0.659
[183/400] rfQ94EXIpTc: This music is a pleasant instrumental. The music is slow tempo with a soft cello...
   inference=19.98s  RTF=0.666
[184/400] rrAIuGMTqtA: This is a recording of an electric guitar, first with a chord being strummed and...
   inference=20.48s  RTF=0.683
[185/400] sfmAeijj5cM: This is an acoustic comedic piece. The male vocalist is singing in a manner simi...
   inference=19.80s  RTF=0.660
[186/400] tmabzx6yxqs: This kids song features groovy synth keys, chords, simple piano melody, echoing ...
   inference=19.87s  RTF=0.662
[187/400] uknhELOFYmY: Some big and bold percussion instruments, namely timpanis, are used in this piec...
   inference=19.85s  RTF=0.662
[188/400] vOiDwXo-SuM: This clip features a guitar song. An overdriven guitar is struck at the beginnin...
   inference=19.68s  RTF=0.656
[189/400] vQ09gQBt1IU: This audio contains a lot of percussion such as shakers panned to both sides of ...
   inference=19.78s  RTF=0.659
[190/400] vmVOWilkmOA: The Recording features a live performance of a classical song played on harpsich...
   inference=20.23s  RTF=0.674
[191/400] vvfs2TUj-D4: This is a Christian rock piece. There is a male vocalist in the lead singing gen...
   inference=19.72s  RTF=0.657
[192/400] wt-f7K_suBc: The Regional Mexican song features a passionate male vocal singing over repetiti...
   inference=19.69s  RTF=0.656
[193/400] x85BtdoxRek: This is a hip-hop music piece. There is a male vocal rapping in the lead. The be...
   inference=19.64s  RTF=0.655
[194/400] xBDcJKb-9vk: This is a new age piece. There is a flute playing the main melody with a lot of ...
   inference=19.83s  RTF=0.661
[195/400] xk4U8BembHM: The Rock song features a shimmering hi hats, energetic crash cymbal, punchy kick...
   inference=19.70s  RTF=0.657
[196/400] xmaVWayBvaY: This music is a lively drum instrumental. The tempo is fast with an enthusiastic...
   inference=19.74s  RTF=0.658
[197/400] y6iMm7Pltq0: Someone is playing a simple repeating melody on a zitar along with a small harp....
   inference=19.76s  RTF=0.659
[198/400] yYpfb_xV--4: This Middle eastern folk song features a male singer singing the main melody. Th...
   inference=20.32s  RTF=0.677
[199/400] z9UJD6O7EAE: This recording has been done live in a room with speakers. It features a DJ scra...
   inference=19.64s  RTF=0.655
[200/400] zopos1B6Elc: This file contains an orchestral composition rising up while a lot of digital cl...
   inference=19.84s  RTF=0.661
[201/400] -4SYC2YgzL8: low fidelity audio from a live performance featuring a solo direct input acousti...
   inference=19.71s  RTF=0.657
[202/400] -8cgbhIR_pw: The low quality recording features a cover of a ballad song that consists of pas...
   inference=21.22s  RTF=0.707
[203/400] -SWaCArvQug: Ambient sound still in the room with a mild background music playing.  A male si...
   inference=20.71s  RTF=0.690
[204/400] -VclCul6FrI: The low quality recording features a jazzy organ keys melody. The recording is i...
   inference=20.06s  RTF=0.669
[205/400] -nlkWWphiaM: The low quality recording features a live performance that consists of fruity ma...
   inference=19.78s  RTF=0.659
[206/400] 0Wdh45yt7tY: The song is an instrumental. The song is medium tempo with an accordion accompan...
   inference=19.89s  RTF=0.663
[207/400] 0u5-WiBKam8: The low quality recording features a reverberant breathy flute melody with an in...
   inference=20.34s  RTF=0.678
[208/400] 13n6n6nKMhI: The low quality recording features echoing sleep drone sound effects. It sounds ...
   inference=19.85s  RTF=0.662
[209/400] 1WlvXneu6oY: The song is instrumental music. The song is medium tempo with just a piano playi...
   inference=20.39s  RTF=0.680
[210/400] 1i1sbQOILb0: The low quality recording features a live performance of traditional music and i...
   inference=19.69s  RTF=0.656
[211/400] 24cmo2fEQo8: The low quality recording features an echoing tom, snappy rimshots and echoing, ...
   inference=19.82s  RTF=0.661
[212/400] 26jTWRMRoxY: The song is an instrumental with separate audio tracks. The tempos are medium wi...
   inference=19.76s  RTF=0.659
[213/400] 2gc1L3g1itU: This audio contains someone playing blues on an e-piano. This audio is in poor a...
   inference=19.98s  RTF=0.666
[214/400] 2gvyOxKuQPY: The song is an instrumental. The tempo is medium, featuring a drum solo with no ...
   inference=19.77s  RTF=0.659
[215/400] 2x4694ExyCU: The low quality recording features an electro song that consists of a widely spr...
   inference=19.66s  RTF=0.655
[216/400] 2xATintzaj4: The song is an instrumental. The song is medium tempo with an electric guitar pl...
   inference=19.87s  RTF=0.662
[217/400] 2zpITTJiw7Q: This low quality audio features a melody played on the piano. This is followed b...
   inference=19.80s  RTF=0.660
[218/400] 3IYd8cCmUkQ: The low quality recording features a R&B song that consists of passionate male v...
   inference=19.94s  RTF=0.665
[219/400] 3Nwsd439zmU: The low quality recording features a live performance of a folk song and it cons...
   inference=19.78s  RTF=0.659
[220/400] 3Xoz87_SUdw: The low quality recording features a flat male vocal speaking over suspenseful o...
   inference=19.77s  RTF=0.659
[221/400] 3sIlpn9nvKU: The rock music features a male voice singing a repeating melody and being backed...
   inference=19.84s  RTF=0.661
[222/400] 3tSPMzvuQpk: A male voice is singing a Christmas song supported by a piano playing chords. Th...
   inference=20.33s  RTF=0.678
[223/400] 42xehaGoJbc: This is a live recording. The audio quality is poor. We hear a string section wi...
   inference=19.72s  RTF=0.657
[224/400] 4CrPPlHN9_s: The low quality recording features a cover of a pop song and it consists of pass...
   inference=19.96s  RTF=0.665
[225/400] 4HfU5OQUqq0: A male artist talks and makes drilling noises. The song is a modern hip hop song...
   inference=20.32s  RTF=0.677
[226/400] 4QJktFv916o: The low quality recording features a metal song that consists of female opera vo...
   inference=20.76s  RTF=0.692
[227/400] 4TDtUHo5cSE: The low quality recording features a jazz song that consists of shimmering hi ha...
   inference=19.85s  RTF=0.662
[228/400] 4kZ0EZg5JRU: The low quality recording features a ballad that contains a flat male vocal, alo...
   inference=19.74s  RTF=0.658
[229/400] 4l441DdEJfU: The low quality recording features fruity male vocals, alongside background crow...
   inference=19.90s  RTF=0.663
[230/400] 4mtfOkzOvBI: The low quality recording features a live performance of folk songs played by fl...
   inference=20.03s  RTF=0.668
[231/400] 4q-eGdrqiIw: The low quality recording features flat male vocals talking over rock songs play...
   inference=19.93s  RTF=0.664
[232/400] 5MOJnA715fA: A female vocalist sings this pop song. The tempo is fast with vigorous percussio...
   inference=20.34s  RTF=0.678
[233/400] 6ayVxYbKBe0: This music is an electric guitar instrumental Rock. The tempo is medium with an ...
   inference=19.93s  RTF=0.664
[234/400] 6oqbYipROOs: The low quality recording features a traditional song that consists of a breathy...
   inference=20.60s  RTF=0.687
[235/400] 78S8DnvLQDY: This is an amateur recording of a live beatboxing performance. The beatbox is be...
   inference=20.10s  RTF=0.670
[236/400] 7_Sr2zv1sQc: The low quality recording features a traditional song that consists of passionat...
   inference=19.79s  RTF=0.660
[237/400] 8Bu8CkR1xZY: This is a tutorial on the electric guitar. The guitar is high-pitched and rapid ...
   inference=20.31s  RTF=0.677
[238/400] 8DQbnR7hwpc: The song is instrumental. The tempo is medium with a harpist playing a bass line...
   inference=19.97s  RTF=0.666
[239/400] 8sSV_vqOlS4: The low quality recording features a jazz song that consists of a saxophone solo...
   inference=19.81s  RTF=0.660
[240/400] 9JlifkCmUOk: This is a recording of a live indie rock performance. The recording is distorted...
   inference=20.53s  RTF=0.684
[241/400] 9uToez74x_M: A male country singer sings this passionate melody with backup singers in vocal ...
   inference=19.90s  RTF=0.663
[242/400] 9vbsI9xFuo8: The Alternative/Indie song features a mixed background choir singing over punchy...
   inference=19.90s  RTF=0.663
[243/400] A3vsvL-Yx0Q: A male singer leads backup singers in a vocal harmony. The song is medium tempo ...
   inference=19.88s  RTF=0.663
[244/400] APUDprnfOIs: The low quality recording features a plucked melody and groovy bass playing in t...
   inference=19.90s  RTF=0.663
[245/400] An-4jPvUT14: A male singer sings this hip hop song with backup singers in vocal harmony. The ...
   inference=20.00s  RTF=0.667
[246/400] B90BOtSOD2Q: A female singer sings this bluesy melody. The song is medium tempo with minimal ...
   inference=19.97s  RTF=0.666
[247/400] BUDb8YieUgU: The low quality recording features an electro song that consists of a punchy kic...
   inference=20.34s  RTF=0.678
[248/400] BVt8RgNrwbQ: The low quality recording features an ambient song that consists of a wide echoi...
   inference=19.93s  RTF=0.664
[249/400] BfUoopDpmmY: The low quality recording features a children's song that features a flat male v...
   inference=20.03s  RTF=0.668
[250/400] Bl-lCgr5hGY: A female voice is singing loud and in a high key. Her voice is full of reverb an...
   inference=20.03s  RTF=0.668
[251/400] BscoQHJrNm8: The low quality recording features a metal song that consists of a screaming fem...
   inference=20.06s  RTF=0.669
[252/400] CHo8wKj9J1w: The song is an instrumental. The song is medium tempo with a percussionist pract...
   inference=20.02s  RTF=0.667
[253/400] CZoPTJNmiCw: The low quality recording features a solo still guitar melody. The recording is ...
   inference=19.83s  RTF=0.661
[254/400] CzHZNJEV-3o: This clip features a nursery rhyme. The singer plays the guitar and sings in a c...
   inference=20.03s  RTF=0.668
[255/400] D3f5VIJYR7M: The low quality recording features a saxophone scale run melody. The recording i...
   inference=20.03s  RTF=0.668
[256/400] DUmXpq-Cksg: The low quality recording features a percussionist playing groovy cowbell over i...
   inference=19.77s  RTF=0.659
[257/400] DVuWm53IlVw: The low quality recording features a live performance of an aggressively strumme...
   inference=19.83s  RTF=0.661
[258/400] DW3z-ByrfWY: The low quality recording features a flat male vocal talking over digital synth ...
   inference=19.83s  RTF=0.661
[259/400] E6B81rrUlnE: The low quality recording features a swinging and resonating sound. The recordin...
   inference=19.98s  RTF=0.666
[260/400] EOaQnfDjVyo: This is a live recording of a symphonic orchestra. The recording quality is good...
   inference=20.34s  RTF=0.678
[261/400] Fg8yzA7zifw: The low quality recording features a very interactive live performance of a gosp...
   inference=20.20s  RTF=0.673
[262/400] G-5UYGccne4: The low quality recording features a mixed harmonizing vocals singing over shimm...
   inference=20.15s  RTF=0.672
[263/400] G13NEVAm6-o: The low quality recording features a flat male vocal counting rhythm over shimme...
   inference=20.60s  RTF=0.687
[264/400] GPwzpw_47Dg: Low fidelity live recording of an instrumental eastern European string ensemble ...
   inference=19.78s  RTF=0.659
[265/400] GW6pti04qIo: The low quality recording features a tutorial where a flat male vocal is talking...
   inference=19.72s  RTF=0.657
[266/400] GuYRF0no7hw: The low quality recording features a rock song that consists of electric guitar ...
   inference=19.70s  RTF=0.657
[267/400] HS_ikHx4LIQ: The low quality recording features a hip hop song that consists bright, widely s...
   inference=19.73s  RTF=0.658
[268/400] HU7oqkJeItQ: The low quality recording a boomy steel guitar being aggressively strummed. The ...
   inference=20.21s  RTF=0.674
[269/400] He63KV_9Pwg: The low quality recording features harmonizing vocals singing over punchy kick a...
   inference=19.50s  RTF=0.650
[270/400] HkCYA4ax4jI: This low quality audio features a male voice singing the main melody. This is ac...
   inference=19.45s  RTF=0.648
[271/400] I11AcD1sGes: Male and female singers sing together in vocal unison. The song is medium tempo ...
   inference=20.07s  RTF=0.669
[272/400] Ie5FO_BetOE: This song contains a bass-melody repeating itself like an arpeggio. On top of th...
   inference=19.50s  RTF=0.650
[273/400] IiJciyiQBDw: The low quality recording features a drawers opening sound effects followed by a...
   inference=19.74s  RTF=0.658
[274/400] J0t4VMnXDNM: A DJ plays a cool groove with some female vocals. The song is medium tempo with ...
   inference=19.47s  RTF=0.649
[275/400] JRfU_hF1wdM: The low quality recording features a jazzy song that consists of shimmering hi h...
   inference=19.46s  RTF=0.649
[276/400] JSdALuTneBM: This music is instrumental. The tempo is fast with synthesiser and electronic ar...
   inference=19.37s  RTF=0.646
[277/400] JUrYWttZJBM: The low quality recording features a passionate reverberant female vocal singing...
   inference=19.88s  RTF=0.663
[278/400] Jq2w30NYstQ: A male singer sings this poignant love song. The song is medium tempo with a ste...
   inference=19.46s  RTF=0.649
[279/400] KpwdlYIdtfs: The song is an instrumental. The song is medium tempo with a loud crash tone whi...
   inference=19.49s  RTF=0.650
[280/400] KxjiEi2Eywk: The song is an instrumental. The tempo is slow with a lion playing an emotional ...
   inference=19.78s  RTF=0.659
[281/400] KzydTOkZty8: The low quality recording features a bossa nova cover of a rock song and it cons...
   inference=19.45s  RTF=0.648
[282/400] L0-l1LIa22g: The low quality recording features a reggae song that consists of passionate mal...
   inference=19.69s  RTF=0.656
[283/400] LByEH80c6Eg: The music excerpt features a big band playing. The trumpets play a repeating mel...
   inference=19.55s  RTF=0.652
[284/400] LNFAeJ06KVs: The low quality recording features a flat male vocal talking over a double bass ...
   inference=19.86s  RTF=0.662
[285/400] Ls6qMcgpdlM: The low quality recording features a live performance of a rock song that consis...
   inference=20.55s  RTF=0.685
[286/400] LybSS4amIS0: The low quality recording features a reverberant male vocal yodeling over acoust...
   inference=20.21s  RTF=0.674
[287/400] MocXmVbat3s: This is a  low quality recording of a motown style song. The song seems to have ...
   inference=19.57s  RTF=0.652
[288/400] N0q5vPAsHLI: The low quality recording features a lullaby that contains wide sustained string...
   inference=19.64s  RTF=0.655
[289/400] N8Fg3L1Cc5E: A female singer sings this beautiful melody. The tempo is medium with a piano or...
   inference=19.45s  RTF=0.648
[290/400] OEjgIDubFbg: A female singer sang this pop melody with female backup singers in vocal harmony...
   inference=19.36s  RTF=0.645
[291/400] OOik9i9wrU8: The low quality recording features a groovy bass guitar, punchy "4 on the floor"...
   inference=19.53s  RTF=0.651
[292/400] OQz8reoVQEI: The low quality recording features a live performance of salsa music and it cons...
   inference=19.46s  RTF=0.649
[293/400] Oe_xSG_ic-c: The low quality recording features a live performance of a jazz song and it cons...
   inference=19.48s  RTF=0.649
[294/400] OvX68hqDjeA: The low quality recording features a hip hop song, that consists of flat male vo...
   inference=19.37s  RTF=0.646
[295/400] P25JeM4lPGw: The low quality recording features a live performance of a folk/country song tha...
   inference=19.41s  RTF=0.647
[296/400] P5AgEqouchI: The low quality recording features a theremin solo melody played over playback t...
   inference=19.70s  RTF=0.657
[297/400] PduP4CpaDtY: The low quality recording features a children's song played on some small device...
   inference=19.77s  RTF=0.659
[298/400] Pf9AaTV4-yw: A male opera singer sings this majestic operatic song with a philharmonic orches...
   inference=19.43s  RTF=0.648
[299/400] Pgpd1yxLcLI: The song is an instrumental. The tempo is medium with a groovy bass line, keyboa...
   inference=19.34s  RTF=0.645
[300/400] PnJx0uLJ_oE: The low quality recording features a traditional song that consists of a flat ma...
   inference=19.45s  RTF=0.648
[301/400] PpJKo-JPVU0: Low fidelity recording of a solo banjo playing a banjo roll and plucking double ...
   inference=19.60s  RTF=0.653
[302/400] PqTTIfja0y8: This clip features a South Asian, Indian song . There's a singer with a passiona...
   inference=19.45s  RTF=0.648
[303/400] Qz8hNRg-7G0: Someone is playing a song out of a speaker. The song contains a guitar melody an...
   inference=19.65s  RTF=0.655
[304/400] RIiN9Ed1fqU: This music is electronic pop. The tempo is fast with synthesiser arrangements, e...
   inference=19.61s  RTF=0.654
[305/400] S9-i_pqoUCw: The low quality recording features an aggressive male vocal talking over synth p...
   inference=19.57s  RTF=0.652
[306/400] SkIDF7iNJQE: This is a simple dubstep piece. Electronic drums and percussion are played at th...
   inference=19.58s  RTF=0.653
[307/400] TC4mH6nACm8: The low quality recording features a wooden percussion, metallic percussion, per...
   inference=19.67s  RTF=0.656
[308/400] TWm0OilO0uw: The low quality recording features a door opening, room tone ambience, clothes m...
   inference=19.45s  RTF=0.648
[309/400] TWnrcjA6VTk: The low quality recording features an accordion melody, electric guitar melody a...
   inference=19.61s  RTF=0.654
[310/400] TiDdR-6bIcY: The low quality recording features a live performance of a pop song that consist...
   inference=19.58s  RTF=0.653
[311/400] UD0pisqyLKA: The low quality recording features a high pitched sound effect, followed by a si...
   inference=19.89s  RTF=0.663
[312/400] UdA6I_tXVHE: The low quality recording features an onomatopoeia, performed by male vocalists....
   inference=20.11s  RTF=0.670
[313/400] UsHtZ7Bzi0s: The low quality recording features a rock song that consists of mellow piano mel...
   inference=19.71s  RTF=0.657
[314/400] VTagIq90b7s: The low quality recording features wide synth chords, sustained synth bass and m...
   inference=19.43s  RTF=0.648
[315/400] VeAomElRCJc: The song is an instrumental. The song is a slow tempo with a stringed instrument...
   inference=20.06s  RTF=0.669
[316/400] VjbRot21Hq0: The low quality recording features an electric guitar changing pitch as it is be...
   inference=19.76s  RTF=0.659
[317/400] Vwekk3EOa-U: The low quality recording features a smooth bass, electric guitar melody, synth ...
   inference=19.59s  RTF=0.653
[318/400] W58kioYp1Ms: The song is an instrumental. The song is medium tempo with an electric guitar pl...
   inference=19.46s  RTF=0.649
[319/400] W5BB6pubJZI: The song is an instrumental. The tempo is variable with two different soundtrack...
   inference=20.10s  RTF=0.670
[320/400] WZd2nT2Afds: The low quality recording features a flat female vocal talking over loud bells, ...
   inference=19.55s  RTF=0.652
[321/400] WmTDKYYH5OU: The low quality recording features a flat male vocal rapping over sustained stri...
   inference=19.59s  RTF=0.653
[322/400] XI9CNsX6JSE: The low quality recording features an electro song being played in a club and it...
   inference=19.78s  RTF=0.659
[323/400] XvN-qr-WYmw: The low quality, noisy recording features a live performance of a traditional so...
   inference=19.54s  RTF=0.651
[324/400] Xxe6vTEwFvs: The rock and roll music features a male voice singing a melody and at times sing...
   inference=19.78s  RTF=0.659
[325/400] YAVVMxqtxGE: The low quality recording features a tutorial that consists of a flat male vocal...
   inference=20.07s  RTF=0.669
[326/400] YAYp2E5vMNw: The low quality recording features a live performance of a classical song that c...
   inference=20.08s  RTF=0.669
[327/400] YDBxdZchOuM: The song is an instrumental. The tempo is medium with a guitar playing a romanti...
   inference=19.53s  RTF=0.651
[328/400] YZx0_GRtvJk: This song has a male vocalist singing a rhythmic vocal riff to the beat of digit...
   inference=19.57s  RTF=0.652
[329/400] YpOHemscGCk: The low quality recording features a sipping sound effect and some repetitive, w...
   inference=19.56s  RTF=0.652
[330/400] Z-Vb1Ay-zNA: The song is an instrumental. The tempo is medium with a clarinet playing lead su...
   inference=19.54s  RTF=0.651
[331/400] ZEN8_GtW_UQ: The low quality recording features an ambient song that consists of a low bells ...
   inference=19.61s  RTF=0.654
[332/400] Zmtw8tP-KFo: The Low Quality recording features a synth key melody. It sounds suspenseful and...
   inference=19.62s  RTF=0.654
[333/400] _6C2ffY_-mc: The low quality recording features a quiet bowl resonating sounds and even thoug...
   inference=19.51s  RTF=0.650
[334/400] _9OUh0uwDec: The low quality recording features an afrobeat song that consists of an echoing ...
   inference=19.54s  RTF=0.651
[335/400] _RLsXrr0fQo: The low quality recording features a folk song being covered by passionate male ...
   inference=19.42s  RTF=0.647
[336/400] _gWEpDgPAho: A male voice is singing kind of a calming lullaby in a higher pitch while you ca...
   inference=19.44s  RTF=0.648
[337/400] _u2cNlW5DxQ: The low quality recording features a cover of a rock song and it consists of a f...
   inference=20.08s  RTF=0.669
[338/400] _yRFCl-z-EE: The low quality recording features a traditional song that consists of wide, har...
   inference=19.68s  RTF=0.656
[339/400] aSyRV5j2zV4: The low quality recording features a wide choir female vocals singing, while the...
   inference=20.02s  RTF=0.667
[340/400] ad6UhYwTXXQ: The audio contains a female voice singing carnatic tones/melody over a shrutibox...
   inference=19.50s  RTF=0.650
[341/400] c-85TtcfVSI: The low quality recording features a passionate male vocal, alongside harmonizin...
   inference=19.43s  RTF=0.648
[342/400] cWOohqFud6g: The low quality recording features a DJ scratching a vinyl of a jungle song that...
   inference=21.07s  RTF=0.702
[343/400] d0Uz_RnRV88: The low quality recording features a cover of a rock song that consists of repet...
   inference=20.00s  RTF=0.667
[344/400] dbBlYyaFKTQ: The low quality recording features a classical song that consists of a brass sol...
   inference=19.93s  RTF=0.664
[345/400] eRiGPyewJpI: The low quality recording features a muffled crowd talking in the background whi...
   inference=19.81s  RTF=0.660
[346/400] f4jW2H6V7gk: A male singer sings this exciting melody with female backup singers in vocal har...
   inference=19.59s  RTF=0.653
[347/400] fPIG7nrpgec: The low quality recording features shimmering bells that slowly fade out, leadin...
   inference=20.10s  RTF=0.670
[348/400] ftKCLRd9_no: The low quality recording features a flat male talking singing over ukulele chor...
   inference=20.24s  RTF=0.675
[349/400] gxzU5EqNL14: The low quality recording features a live performance of a flamenco song sung by...
   inference=19.54s  RTF=0.651
[350/400] hLwMYygjRfI: This amateur recording features a guitar plucking chords. This is accompanied by...
   inference=19.55s  RTF=0.652
[351/400] hM88FG1_D5Q: The low quality recording features harmonizing male vocals singing over a song p...
   inference=19.63s  RTF=0.654
[352/400] hOSzGYKaJGE: The low quality recording features a rock song that consists of an electric guit...
   inference=20.00s  RTF=0.667
[353/400] iTWZsfVCyBs: The low quality recording features a breathy reverberant flute melody played ove...
   inference=20.22s  RTF=0.674
[354/400] jR_wBfxgZwE: The low quality recording features laughing male sounds over sloppy drums that c...
   inference=20.30s  RTF=0.677
[355/400] jqiD3VeM_hY: The low quality recording features a mixed background vocals singing over acoust...
   inference=19.67s  RTF=0.656
[356/400] k6F3gc8f8kI: The low quality recording features a flat male talking, after which there are ha...
   inference=20.63s  RTF=0.688
[357/400] kR2yBlL6nFU: The low quality, mono recording features a classical song performed by sad violi...
   inference=26.17s  RTF=0.872
[358/400] kZPz8ExTzBk: A male beatboxer creates a cool groove with animated sounds like grunting and mo...
   inference=34.08s  RTF=1.136
[359/400] lNg2y6SRZPo: The song is an instrumental. The tempo is fast with trumpets playing percussivel...
   inference=29.21s  RTF=0.974
[360/400] lSbCqHZy_l4: The low quality recording features a fruity male vocal talking, after which he s...
   inference=29.20s  RTF=0.973
[361/400] mB2FAS0DNkk: The low quality recording features a live performance of a pop song that contain...
   inference=21.11s  RTF=0.704
[362/400] mFcHGbnNtSQ: The low quality recording features a live performance of a jazz song and it cons...
   inference=21.85s  RTF=0.728
[363/400] macnXLRXbHU: The low quality recording features a harmonica solo melody over soft double bass...
   inference=20.14s  RTF=0.671
[364/400] n3X8RGZsGg4: The low quality recording features a hip hop song that consists of groovy bass, ...
   inference=20.78s  RTF=0.693
[365/400] nrj2zTr7U0o: The song is an instrumental. The tempo is medium with a maestro percussionist pe...
   inference=20.62s  RTF=0.687
[366/400] oag3I4VRXyM: A female singer sings this beautiful melody with male and female backup singers ...
   inference=20.23s  RTF=0.674
[367/400] oxZjkE984Uo: The low quality recording features a dubstep song that consists of buzzy, manic ...
   inference=20.07s  RTF=0.669
[368/400] oxhFIoExrMk: A male Latin singer sings this romantic melody. The song is medium tempo with an...
   inference=20.02s  RTF=0.667
[369/400] p3DLHNuCYhU: The low quality recording features a resonating mellow bell playing. It sounds r...
   inference=19.85s  RTF=0.662
[370/400] pmdoDcNBt0E: The low quality recording features a live performance of a pop song that consist...
   inference=20.01s  RTF=0.667
[371/400] pnh_C1w4yGc: The low quality recording features a flat male vocal talking over an electro son...
   inference=19.99s  RTF=0.666
[372/400] qFTMEVccUMg: The low quality recording features a squeaking sound, followed by shimmering bel...
   inference=20.14s  RTF=0.671
[373/400] qXSG2uq2tNw: This song is an animated vocalisation. The tempo is fast with a lively piano acc...
   inference=20.05s  RTF=0.668
[374/400] qjH068GOmQ4: The low quality recording features a drum & bass song that consists of a repetit...
   inference=20.06s  RTF=0.669
[375/400] rGEJVUcFA2U: The low quality recording features a club house song that consists of groovy 808...
   inference=23.88s  RTF=0.796
[376/400] rNJ0C44bOac: This clip features low quality audio. A synth plays the main melody. The bass pl...
   inference=28.58s  RTF=0.953
[377/400] s72505MIhz8: The low quality recording features a flat male vocal talking, after which an acc...
   inference=24.20s  RTF=0.807
[378/400] sVF7NNvdoJc: The low quality recording features a traditional song that consists of reverbera...
   inference=20.00s  RTF=0.667
[379/400] sgVqMKtUMsA: The low quality recording features an alternative/indie song that consists of mo...
   inference=19.82s  RTF=0.661
[380/400] tKawN2sxhYc: The song is an instrumental. The tempo is medium with a marching band rhythm, sn...
   inference=19.87s  RTF=0.662
[381/400] tMMjurLqYJQ: The low quality recording features a jazz song that consists of electric guitar ...
   inference=21.03s  RTF=0.701
[382/400] tV3rvUSlVnY: This music is a cheerful instrumental. The tempo is medium with the lead harmony...
   inference=19.93s  RTF=0.664
[383/400] tbovKStEnME: The song is an instrumental. The tempo is medium with an accordion player, guita...
   inference=19.86s  RTF=0.662
[384/400] tcOHcop3sCQ: The low quality recording features a soft rock song sung by a flat male vocal ov...
   inference=20.02s  RTF=0.667
[385/400] u1a5eyk-9ig: The low quality recording features a kids song sung by harmonizing kids vocals o...
   inference=20.12s  RTF=0.671
[386/400] uA-JpZppFsc: The low quality recording features an accordion melody with some plastic tapping...
   inference=20.81s  RTF=0.694
[387/400] uAgizG1hYw0: The low quality recording features a rock song that contains filtered female voc...
   inference=19.98s  RTF=0.666
[388/400] v1EDTMRmJlY: The low quality recording features a reggae song that consists of passionate mal...
   inference=19.84s  RTF=0.661
[389/400] vDrbslhtX8o: The jazz music features a swing band playing in the background. In the foregroun...
   inference=19.78s  RTF=0.659
[390/400] vZ9IanI59gE: This folk song features a male voice singing the main melody. This is accompanie...
   inference=21.52s  RTF=0.717
[391/400] vZUup6rK728: The low quality recording features a live performance that consists of a theremi...
   inference=20.48s  RTF=0.683
[392/400] wIP7AqIOU1s: A male vocalist sings this song. The tempo is medium with loud boomy singing.the...
   inference=19.92s  RTF=0.664
[393/400] wcLPCMoy5hk: The low quality recording features a tutorial where a flat male vocal is talking...
   inference=19.90s  RTF=0.663
[394/400] x14jW4c8YnQ: The low quality recording features an orchestral live performance of a classical...
   inference=19.85s  RTF=0.662
[395/400] y516mYOT_9c: The low quality recording features a mellow echoing synth pad keys playing. It s...
   inference=19.90s  RTF=0.663
[396/400] yCDloqQe65k: The song is an instrumental. The tempo is medium with a horn player playing a tr...
   inference=19.87s  RTF=0.662
[397/400] yG1bzzXDIak: The low quality recording features a wide synth pad chord, followed by quiet buz...
   inference=20.82s  RTF=0.694
[398/400] yrme-KRBvzk: The song is an instrumental. The tempo is medium with a cellist playing a virtuo...
   inference=20.79s  RTF=0.693
[399/400] ywuR9AfpA_E: The low quality recording features an aggressive, distorted car engine revving s...
   inference=20.17s  RTF=0.672
[400/400] zbCqre50eLM: The low quality recording features a live performance that consists of harmonizi...
   inference=19.78s  RTF=0.659

Mean RTF: 0.658  |  Median: 0.659  |  N=400
Chopped /storage/ssd3/richtsai1103/MusicBench/MusicGen_FT/generation -> /storage/ssd3/richtsai1103/MusicBench/MusicGen_FT/generation_10s
