REF_LOAD_ERR: /storage/ssd1/richtsai1103/MusicBench/datashare/data/-0xzrMun0Rs.wav: RuntimeError: mat1 and mat2 shapes cannot be multiplied (128x513 and 1x513)
REF_LOAD_ERR: /storage/ssd1/richtsai1103/MusicBench/datashare/data/-Dtir74TiUM.wav: RuntimeError: mat1 and mat2 shapes cannot be multiplied (128x513 and 1x513)
REF_LOAD_ERR: /storage/ssd1/richtsai1103/MusicBench/datashare/data/-JVWfFPBl84.wav: RuntimeError: mat1 and mat2 shapes cannot be multiplied (128x513 and 1x513)
REF_LOAD_ERR: /storage/ssd1/richtsai1103/MusicBench/datashare/data/-XkbErI_7EU.wav: RuntimeError: mat1 and mat2 shapes cannot be multiplied (128x513 and 1x513)
REF_LOAD_ERR: /storage/ssd1/richtsai1103/MusicBench/datashare/data/-o0ZtQIkM60.wav: RuntimeError: mat1 and mat2 shapes cannot be multiplied (128x513 and 1x513)
REF_LOAD_ERR: /storage/ssd1/richtsai1103/MusicBench/datashare/data/-w12aSkQ9No.wav: RuntimeError: mat1 and mat2 shapes cannot be multiplied (128x513 and 1x513)
REF_LOAD_ERR: /storage/ssd1/richtsai1103/MusicBench/datashare/data/-w8maIWtnUk.wav: RuntimeError: mat1 and mat2 shapes cannot be multiplied (128x513 and 1x513)
REF_LOAD_ERR: /storage/ssd1/richtsai1103/MusicBench/datashare/data/0-7PyzhzuYQ.wav: RuntimeError: mat1 and mat2 shapes cannot be multiplied (128x513 and 1x513)
REF_LOAD_ERR: /storage/ssd1/richtsai1103/MusicBench/datashare/data/04NjXsLyCl4.wav: RuntimeError: mat1 and mat2 shapes cannot be multiplied (128x513 and 1x513)
REF_LOAD_ERR: /storage/ssd1/richtsai1103/MusicBench/datashare/data/05OJDYeHLMc.wav: RuntimeError: mat1 and mat2 shapes cannot be multiplied (128x513 and 1x513)
REF_LOAD_ERR: /storage/ssd1/richtsai1103/MusicBench/datashare/data/0ISHZQJdeSw.wav: RuntimeError: mat1 and mat2 shapes cannot be multiplied (128x513 and 1x513)
REF_LOAD_ERR: /storage/ssd1/richtsai1103/MusicBench/datashare/data/0KCVgexi4yU.wav: RuntimeError: mat1 and mat2 shapes cannot be multiplied (128x513 and 1x513)
REF_LOAD_ERR: /storage/ssd1/richtsai1103/MusicBench/datashare/data/0LLlcPiatiU.wav: RuntimeError: mat1 and mat2 shapes cannot be multiplied (128x513 and 1x513)
REF_LOAD_ERR: /storage/ssd1/richtsai1103/MusicBench/datashare/data/0hfU27A6tus.wav: RuntimeError: mat1 and mat2 shapes cannot be multiplied (128x513 and 1x513)
REF_LOAD_ERR: /storage/ssd1/richtsai1103/MusicBench/datashare/data/0jFQ21A6GRA.wav: RuntimeError: mat1 and mat2 shapes cannot be multiplied (128x513 and 1x513)
REF_LOAD_ERR: /storage/ssd1/richtsai1103/MusicBench/datashare/data/0m9-5BkL4Mc.wav: RuntimeError: mat1 and mat2 shapes cannot be multiplied (128x513 and 1x513)
REF_LOAD_ERR: /storage/ssd1/richtsai1103/MusicBench/datashare/data/0nk7utNkHOY.wav: RuntimeError: mat1 and mat2 shapes cannot be multiplied (128x513 and 1x513)
REF_LOAD_ERR: /storage/ssd1/richtsai1103/MusicBench/datashare/data/0wYi8B9PXDY.wav: RuntimeError: mat1 and mat2 shapes cannot be multiplied (128x513 and 1x513)
REF_LOAD_ERR: /storage/ssd1/richtsai1103/MusicBench/datashare/data/15CZ2h5VL-A.wav: RuntimeError: mat1 and mat2 shapes cannot be multiplied (128x513 and 1x513)
REF_LOAD_ERR: /storage/ssd1/richtsai1103/MusicBench/datashare/data/1FnT0RrfMEA.wav: RuntimeError: mat1 and mat2 shapes cannot be multiplied (128x513 and 1x513)
